<?xml version="1.0" encoding="UTF-8"?>
<!-- Generated by org.testng.reporters.JUnitReportReporter -->
<testsuite skipped="0" hostname="LP-5CD9176M99" name="testcases.TestCase001" tests="1" failures="0" timestamp="22 Aug 2019 12:11:26 GMT" time="0.039" errors="0">
  <testcase name="scrollIntoView" time="0.039" classname="testcases.TestCase001"/>
</testsuite> <!-- testcases.TestCase001 -->
