<?xml version="1.0" encoding="UTF-8"?>
<!-- Generated by org.testng.reporters.JUnitReportReporter -->
<testsuite skipped="0" hostname="LP-5CD9176M99" name="testcases.FirstTest" tests="1" failures="0" timestamp="22 Aug 2019 08:31:34 GMT" time="5.094" errors="0">
  <testcase name="launchApplication" time="5.094" classname="testcases.FirstTest"/>
</testsuite> <!-- testcases.FirstTest -->
